Arguments: 
  /home/lokidedorgas/.nvm/versions/node/v8.9.4/bin/node /home/lokidedorgas/.nvm/versions/node/v8.9.4/bin/yarn

PATH: 
  /home/lokidedorgas/.nvm/versions/node/v8.9.4/bin:/usr/local/bin:/usr/bin:/bin:/usr/local/games:/usr/games:/home/lokidedorgas/Downloads/ideaIU-2017.3.4/idea-IU-173.4548.28/bin:/snap/bin:lokidedorgas/Downloads/ideaIU-2017.3.4/idea-IU-173.4548.28/bin:/home/lokidedorgas/Downloads/ideaIU-2017.3.4/idea-IU-173.4548.28/bin

Yarn version: 
  1.3.2

Node version: 
  8.9.4

Platform: 
  linux x64

npm manifest: 
  {
    "name": "post-it",
    "version": "1.0.0",
    "description": "",
    "main": "index.js",
    "dependencies": {
      "babel-preset-react": "^6.24.1",
      "react": "^16.2.0",
      "react-dom": "^16.2.0"
    },
    "devDependencies": {
      "babel-core": "^6.26.0",
      "babel-loader": "^7.1.2",
      "babel-preset-env": "^1.6.1",
      "webpack": "^3.10.0"
    },
    "scripts": {
      "build": "babel js -d lib --watch",
      "start": "webpack --config webpack.config.js --watch"
    },
    "repository": {
      "type": "git",
      "url": "git+https://github.com/code-xp-front/post-it.git"
    },
    "author": "",
    "license": "ISC",
    "bugs": {
      "url": "https://github.com/code-xp-front/post-it/issues"
    },
    "homepage": "https://github.com/code-xp-front/post-it#readme"
  }

yarn manifest: 
  No manifest

Lockfile: 
  No lockfile

Trace: 
  Error: getaddrinfo ENOTFOUND registry.yarnpkg.com registry.yarnpkg.com:443
      at errnoException (dns.js:50:10)
      at GetAddrInfoReqWrap.onlookup [as oncomplete] (dns.js:92:26)
